2025-06-30 21:32:04,477 - FBDWarehouse - INFO - FBD Warehouse logging initialized - Log file: fbd_comm/warehouse.log
2025-06-30 21:32:04,477 - FBDWarehouse - INFO - Warehouse initialized with 36 FBD blocks
2025-06-30 21:32:04,477 - FBDWarehouse - INFO - Initializing warehouse from template model with 122 parameters
2025-06-30 21:32:04,478 - FBDWarehouse - INFO - Initialized block AFA79 (color: M0, part: in_layer) with 6 parameters
2025-06-30 21:32:04,478 - FBDWarehouse - INFO - Initialized block BFF56 (color: M0, part: layer1) with 24 parameters
2025-06-30 21:32:04,478 - FBDWarehouse - INFO - Initialized block CAA77 (color: M0, part: layer2) with 30 parameters
2025-06-30 21:32:04,478 - FBDWarehouse - INFO - Initialized block DSC60 (color: M0, part: layer3) with 30 parameters
2025-06-30 21:32:04,480 - FBDWarehouse - INFO - Initialized block EJJ91 (color: M0, part: layer4) with 30 parameters
2025-06-30 21:32:04,480 - FBDWarehouse - INFO - Initialized block FXR03 (color: M0, part: out_layer) with 2 parameters
2025-06-30 21:32:04,480 - FBDWarehouse - INFO - Initialized block AKY64 (color: M1, part: in_layer) with 6 parameters
2025-06-30 21:32:04,480 - FBDWarehouse - INFO - Initialized block BVD88 (color: M1, part: layer1) with 24 parameters
2025-06-30 21:32:04,480 - FBDWarehouse - INFO - Initialized block CGV29 (color: M1, part: layer2) with 30 parameters
2025-06-30 21:32:04,480 - FBDWarehouse - INFO - Initialized block DQM27 (color: M1, part: layer3) with 30 parameters
2025-06-30 21:32:04,482 - FBDWarehouse - INFO - Initialized block EVZ66 (color: M1, part: layer4) with 30 parameters
2025-06-30 21:32:04,482 - FBDWarehouse - INFO - Initialized block FPC91 (color: M1, part: out_layer) with 2 parameters
2025-06-30 21:32:04,482 - FBDWarehouse - INFO - Initialized block ALT34 (color: M2, part: in_layer) with 6 parameters
2025-06-30 21:32:04,482 - FBDWarehouse - INFO - Initialized block BVP97 (color: M2, part: layer1) with 24 parameters
2025-06-30 21:32:04,482 - FBDWarehouse - INFO - Initialized block CNF57 (color: M2, part: layer2) with 30 parameters
2025-06-30 21:32:04,483 - FBDWarehouse - INFO - Initialized block DWJ41 (color: M2, part: layer3) with 30 parameters
2025-06-30 21:32:04,485 - FBDWarehouse - INFO - Initialized block EGO46 (color: M2, part: layer4) with 30 parameters
2025-06-30 21:32:04,485 - FBDWarehouse - INFO - Initialized block FBI78 (color: M2, part: out_layer) with 2 parameters
2025-06-30 21:32:04,485 - FBDWarehouse - INFO - Initialized block AOC39 (color: M3, part: in_layer) with 6 parameters
2025-06-30 21:32:04,485 - FBDWarehouse - INFO - Initialized block BWW19 (color: M3, part: layer1) with 24 parameters
2025-06-30 21:32:04,485 - FBDWarehouse - INFO - Initialized block COO30 (color: M3, part: layer2) with 30 parameters
2025-06-30 21:32:04,486 - FBDWarehouse - INFO - Initialized block DHK75 (color: M3, part: layer3) with 30 parameters
2025-06-30 21:32:04,487 - FBDWarehouse - INFO - Initialized block EYT34 (color: M3, part: layer4) with 30 parameters
2025-06-30 21:32:04,487 - FBDWarehouse - INFO - Initialized block FGM06 (color: M3, part: out_layer) with 2 parameters
2025-06-30 21:32:04,488 - FBDWarehouse - INFO - Initialized block ASN90 (color: M4, part: in_layer) with 6 parameters
2025-06-30 21:32:04,488 - FBDWarehouse - INFO - Initialized block BXG86 (color: M4, part: layer1) with 24 parameters
2025-06-30 21:32:04,488 - FBDWarehouse - INFO - Initialized block CPM83 (color: M4, part: layer2) with 30 parameters
2025-06-30 21:32:04,488 - FBDWarehouse - INFO - Initialized block DPU42 (color: M4, part: layer3) with 30 parameters
2025-06-30 21:32:04,490 - FBDWarehouse - INFO - Initialized block EVN11 (color: M4, part: layer4) with 30 parameters
2025-06-30 21:32:04,490 - FBDWarehouse - INFO - Initialized block FWC09 (color: M4, part: out_layer) with 2 parameters
2025-06-30 21:32:04,490 - FBDWarehouse - INFO - Initialized block AUV29 (color: M5, part: in_layer) with 6 parameters
2025-06-30 21:32:04,491 - FBDWarehouse - INFO - Initialized block BYM04 (color: M5, part: layer1) with 24 parameters
2025-06-30 21:32:04,491 - FBDWarehouse - INFO - Initialized block CRZ52 (color: M5, part: layer2) with 30 parameters
2025-06-30 21:32:04,491 - FBDWarehouse - INFO - Initialized block DPX98 (color: M5, part: layer3) with 30 parameters
2025-06-30 21:32:04,493 - FBDWarehouse - INFO - Initialized block EVN36 (color: M5, part: layer4) with 30 parameters
2025-06-30 21:32:04,493 - FBDWarehouse - INFO - Initialized block FSY05 (color: M5, part: out_layer) with 2 parameters
2025-06-30 21:32:04,493 - FBDWarehouse - INFO - Warehouse initialization complete - 36 blocks ready
2025-06-30 21:32:14,168 - FBDWarehouse - INFO - Initializing warehouse with empty blocks - will be populated during training
2025-06-30 21:32:14,168 - FBDWarehouse - INFO - Warehouse initialization complete - 36 blocks ready
2025-06-30 21:32:14,233 - FBDWarehouse - INFO - Retrieved block AFA79 (color: M0, part: in_layer) - 6 parameters
2025-06-30 21:32:14,233 - FBDWarehouse - INFO - Retrieved block BFF56 (color: M0, part: layer1) - 24 parameters
2025-06-30 21:32:14,233 - FBDWarehouse - INFO - Retrieved block CAA77 (color: M0, part: layer2) - 30 parameters
2025-06-30 21:32:14,234 - FBDWarehouse - INFO - Retrieved block DSC60 (color: M0, part: layer3) - 30 parameters
2025-06-30 21:32:14,236 - FBDWarehouse - INFO - Retrieved block EJJ91 (color: M0, part: layer4) - 30 parameters
2025-06-30 21:32:14,236 - FBDWarehouse - INFO - Retrieved block FXR03 (color: M0, part: out_layer) - 2 parameters
2025-06-30 21:32:14,236 - FBDWarehouse - INFO - Retrieved block AKY64 (color: M1, part: in_layer) - 6 parameters
2025-06-30 21:32:14,236 - FBDWarehouse - INFO - Retrieved block BVD88 (color: M1, part: layer1) - 24 parameters
2025-06-30 21:32:14,236 - FBDWarehouse - INFO - Retrieved block CGV29 (color: M1, part: layer2) - 30 parameters
2025-06-30 21:32:14,237 - FBDWarehouse - INFO - Retrieved block DQM27 (color: M1, part: layer3) - 30 parameters
2025-06-30 21:32:14,239 - FBDWarehouse - INFO - Retrieved block EVZ66 (color: M1, part: layer4) - 30 parameters
2025-06-30 21:32:14,239 - FBDWarehouse - INFO - Retrieved block FPC91 (color: M1, part: out_layer) - 2 parameters
2025-06-30 21:32:14,239 - FBDWarehouse - INFO - Retrieved block ALT34 (color: M2, part: in_layer) - 6 parameters
2025-06-30 21:32:14,239 - FBDWarehouse - INFO - Retrieved block BVP97 (color: M2, part: layer1) - 24 parameters
2025-06-30 21:32:14,240 - FBDWarehouse - INFO - Retrieved block CNF57 (color: M2, part: layer2) - 30 parameters
2025-06-30 21:32:14,240 - FBDWarehouse - INFO - Retrieved block DWJ41 (color: M2, part: layer3) - 30 parameters
2025-06-30 21:32:14,242 - FBDWarehouse - INFO - Retrieved block EGO46 (color: M2, part: layer4) - 30 parameters
2025-06-30 21:32:14,242 - FBDWarehouse - INFO - Retrieved block FBI78 (color: M2, part: out_layer) - 2 parameters
2025-06-30 21:32:14,284 - FBDWarehouse - INFO - Retrieved block AFA79 (color: M0, part: in_layer) - 6 parameters
2025-06-30 21:32:14,284 - FBDWarehouse - INFO - Retrieved block BFF56 (color: M0, part: layer1) - 24 parameters
2025-06-30 21:32:14,285 - FBDWarehouse - INFO - Retrieved block CAA77 (color: M0, part: layer2) - 30 parameters
2025-06-30 21:32:14,285 - FBDWarehouse - INFO - Retrieved block DSC60 (color: M0, part: layer3) - 30 parameters
2025-06-30 21:32:14,287 - FBDWarehouse - INFO - Retrieved block EJJ91 (color: M0, part: layer4) - 30 parameters
2025-06-30 21:32:14,287 - FBDWarehouse - INFO - Retrieved block FXR03 (color: M0, part: out_layer) - 2 parameters
2025-06-30 21:32:14,287 - FBDWarehouse - INFO - Retrieved block AOC39 (color: M3, part: in_layer) - 6 parameters
2025-06-30 21:32:14,287 - FBDWarehouse - INFO - Retrieved block BWW19 (color: M3, part: layer1) - 24 parameters
2025-06-30 21:32:14,287 - FBDWarehouse - INFO - Retrieved block COO30 (color: M3, part: layer2) - 30 parameters
2025-06-30 21:32:14,287 - FBDWarehouse - INFO - Retrieved block DHK75 (color: M3, part: layer3) - 30 parameters
2025-06-30 21:32:14,290 - FBDWarehouse - INFO - Retrieved block EYT34 (color: M3, part: layer4) - 30 parameters
2025-06-30 21:32:14,290 - FBDWarehouse - INFO - Retrieved block FGM06 (color: M3, part: out_layer) - 2 parameters
2025-06-30 21:32:14,290 - FBDWarehouse - INFO - Retrieved block ASN90 (color: M4, part: in_layer) - 6 parameters
2025-06-30 21:32:14,290 - FBDWarehouse - INFO - Retrieved block BXG86 (color: M4, part: layer1) - 24 parameters
2025-06-30 21:32:14,290 - FBDWarehouse - INFO - Retrieved block CPM83 (color: M4, part: layer2) - 30 parameters
2025-06-30 21:32:14,291 - FBDWarehouse - INFO - Retrieved block DPU42 (color: M4, part: layer3) - 30 parameters
2025-06-30 21:32:14,292 - FBDWarehouse - INFO - Retrieved block EVN11 (color: M4, part: layer4) - 30 parameters
2025-06-30 21:32:14,292 - FBDWarehouse - INFO - Retrieved block FWC09 (color: M4, part: out_layer) - 2 parameters
2025-06-30 21:32:14,336 - FBDWarehouse - INFO - Retrieved block AFA79 (color: M0, part: in_layer) - 6 parameters
2025-06-30 21:32:14,336 - FBDWarehouse - INFO - Retrieved block BFF56 (color: M0, part: layer1) - 24 parameters
2025-06-30 21:32:14,336 - FBDWarehouse - INFO - Retrieved block CAA77 (color: M0, part: layer2) - 30 parameters
2025-06-30 21:32:14,337 - FBDWarehouse - INFO - Retrieved block DSC60 (color: M0, part: layer3) - 30 parameters
2025-06-30 21:32:14,338 - FBDWarehouse - INFO - Retrieved block EJJ91 (color: M0, part: layer4) - 30 parameters
2025-06-30 21:32:14,338 - FBDWarehouse - INFO - Retrieved block FXR03 (color: M0, part: out_layer) - 2 parameters
2025-06-30 21:32:14,338 - FBDWarehouse - INFO - Retrieved block ASN90 (color: M4, part: in_layer) - 6 parameters
2025-06-30 21:32:14,338 - FBDWarehouse - INFO - Retrieved block BXG86 (color: M4, part: layer1) - 24 parameters
2025-06-30 21:32:14,338 - FBDWarehouse - INFO - Retrieved block CPM83 (color: M4, part: layer2) - 30 parameters
2025-06-30 21:32:14,339 - FBDWarehouse - INFO - Retrieved block DPU42 (color: M4, part: layer3) - 30 parameters
2025-06-30 21:32:14,341 - FBDWarehouse - INFO - Retrieved block EVN11 (color: M4, part: layer4) - 30 parameters
2025-06-30 21:32:14,341 - FBDWarehouse - INFO - Retrieved block FWC09 (color: M4, part: out_layer) - 2 parameters
2025-06-30 21:32:14,341 - FBDWarehouse - INFO - Retrieved block AUV29 (color: M5, part: in_layer) - 6 parameters
2025-06-30 21:32:14,341 - FBDWarehouse - INFO - Retrieved block BYM04 (color: M5, part: layer1) - 24 parameters
2025-06-30 21:32:14,341 - FBDWarehouse - INFO - Retrieved block CRZ52 (color: M5, part: layer2) - 30 parameters
2025-06-30 21:32:14,342 - FBDWarehouse - INFO - Retrieved block DPX98 (color: M5, part: layer3) - 30 parameters
2025-06-30 21:32:14,343 - FBDWarehouse - INFO - Retrieved block EVN36 (color: M5, part: layer4) - 30 parameters
2025-06-30 21:32:14,343 - FBDWarehouse - INFO - Retrieved block FSY05 (color: M5, part: out_layer) - 2 parameters
2025-06-30 21:32:14,387 - FBDWarehouse - INFO - Retrieved block AKY64 (color: M1, part: in_layer) - 6 parameters
2025-06-30 21:32:14,388 - FBDWarehouse - INFO - Retrieved block BVD88 (color: M1, part: layer1) - 24 parameters
2025-06-30 21:32:14,388 - FBDWarehouse - INFO - Retrieved block CGV29 (color: M1, part: layer2) - 30 parameters
2025-06-30 21:32:14,388 - FBDWarehouse - INFO - Retrieved block DQM27 (color: M1, part: layer3) - 30 parameters
2025-06-30 21:32:14,390 - FBDWarehouse - INFO - Retrieved block EVZ66 (color: M1, part: layer4) - 30 parameters
2025-06-30 21:32:14,390 - FBDWarehouse - INFO - Retrieved block FPC91 (color: M1, part: out_layer) - 2 parameters
2025-06-30 21:32:14,390 - FBDWarehouse - INFO - Retrieved block AOC39 (color: M3, part: in_layer) - 6 parameters
2025-06-30 21:32:14,390 - FBDWarehouse - INFO - Retrieved block BWW19 (color: M3, part: layer1) - 24 parameters
2025-06-30 21:32:14,390 - FBDWarehouse - INFO - Retrieved block COO30 (color: M3, part: layer2) - 30 parameters
2025-06-30 21:32:14,391 - FBDWarehouse - INFO - Retrieved block DHK75 (color: M3, part: layer3) - 30 parameters
2025-06-30 21:32:14,392 - FBDWarehouse - INFO - Retrieved block EYT34 (color: M3, part: layer4) - 30 parameters
2025-06-30 21:32:14,392 - FBDWarehouse - INFO - Retrieved block FGM06 (color: M3, part: out_layer) - 2 parameters
2025-06-30 21:32:14,392 - FBDWarehouse - INFO - Retrieved block ASN90 (color: M4, part: in_layer) - 6 parameters
2025-06-30 21:32:14,393 - FBDWarehouse - INFO - Retrieved block BXG86 (color: M4, part: layer1) - 24 parameters
2025-06-30 21:32:14,393 - FBDWarehouse - INFO - Retrieved block CPM83 (color: M4, part: layer2) - 30 parameters
2025-06-30 21:32:14,393 - FBDWarehouse - INFO - Retrieved block DPU42 (color: M4, part: layer3) - 30 parameters
2025-06-30 21:32:14,395 - FBDWarehouse - INFO - Retrieved block EVN11 (color: M4, part: layer4) - 30 parameters
2025-06-30 21:32:14,395 - FBDWarehouse - INFO - Retrieved block FWC09 (color: M4, part: out_layer) - 2 parameters
2025-06-30 21:32:14,441 - FBDWarehouse - INFO - Retrieved block ALT34 (color: M2, part: in_layer) - 6 parameters
2025-06-30 21:32:14,441 - FBDWarehouse - INFO - Retrieved block BVP97 (color: M2, part: layer1) - 24 parameters
2025-06-30 21:32:14,441 - FBDWarehouse - INFO - Retrieved block CNF57 (color: M2, part: layer2) - 30 parameters
2025-06-30 21:32:14,441 - FBDWarehouse - INFO - Retrieved block DWJ41 (color: M2, part: layer3) - 30 parameters
2025-06-30 21:32:14,443 - FBDWarehouse - INFO - Retrieved block EGO46 (color: M2, part: layer4) - 30 parameters
2025-06-30 21:32:14,443 - FBDWarehouse - INFO - Retrieved block FBI78 (color: M2, part: out_layer) - 2 parameters
2025-06-30 21:32:14,443 - FBDWarehouse - INFO - Retrieved block AOC39 (color: M3, part: in_layer) - 6 parameters
2025-06-30 21:32:14,443 - FBDWarehouse - INFO - Retrieved block BWW19 (color: M3, part: layer1) - 24 parameters
2025-06-30 21:32:14,443 - FBDWarehouse - INFO - Retrieved block COO30 (color: M3, part: layer2) - 30 parameters
2025-06-30 21:32:14,443 - FBDWarehouse - INFO - Retrieved block DHK75 (color: M3, part: layer3) - 30 parameters
2025-06-30 21:32:14,445 - FBDWarehouse - INFO - Retrieved block EYT34 (color: M3, part: layer4) - 30 parameters
2025-06-30 21:32:14,445 - FBDWarehouse - INFO - Retrieved block FGM06 (color: M3, part: out_layer) - 2 parameters
2025-06-30 21:32:14,445 - FBDWarehouse - INFO - Retrieved block AUV29 (color: M5, part: in_layer) - 6 parameters
2025-06-30 21:32:14,446 - FBDWarehouse - INFO - Retrieved block BYM04 (color: M5, part: layer1) - 24 parameters
2025-06-30 21:32:14,446 - FBDWarehouse - INFO - Retrieved block CRZ52 (color: M5, part: layer2) - 30 parameters
2025-06-30 21:32:14,446 - FBDWarehouse - INFO - Retrieved block DPX98 (color: M5, part: layer3) - 30 parameters
2025-06-30 21:32:14,447 - FBDWarehouse - INFO - Retrieved block EVN36 (color: M5, part: layer4) - 30 parameters
2025-06-30 21:32:14,447 - FBDWarehouse - INFO - Retrieved block FSY05 (color: M5, part: out_layer) - 2 parameters
2025-06-30 21:32:14,491 - FBDWarehouse - INFO - Retrieved block AKY64 (color: M1, part: in_layer) - 6 parameters
2025-06-30 21:32:14,492 - FBDWarehouse - INFO - Retrieved block BVD88 (color: M1, part: layer1) - 24 parameters
2025-06-30 21:32:14,492 - FBDWarehouse - INFO - Retrieved block CGV29 (color: M1, part: layer2) - 30 parameters
2025-06-30 21:32:14,492 - FBDWarehouse - INFO - Retrieved block DQM27 (color: M1, part: layer3) - 30 parameters
2025-06-30 21:32:14,493 - FBDWarehouse - INFO - Retrieved block EVZ66 (color: M1, part: layer4) - 30 parameters
2025-06-30 21:32:14,493 - FBDWarehouse - INFO - Retrieved block FPC91 (color: M1, part: out_layer) - 2 parameters
2025-06-30 21:32:14,493 - FBDWarehouse - INFO - Retrieved block ALT34 (color: M2, part: in_layer) - 6 parameters
2025-06-30 21:32:14,493 - FBDWarehouse - INFO - Retrieved block BVP97 (color: M2, part: layer1) - 24 parameters
2025-06-30 21:32:14,494 - FBDWarehouse - INFO - Retrieved block CNF57 (color: M2, part: layer2) - 30 parameters
2025-06-30 21:32:14,494 - FBDWarehouse - INFO - Retrieved block DWJ41 (color: M2, part: layer3) - 30 parameters
2025-06-30 21:32:14,495 - FBDWarehouse - INFO - Retrieved block EGO46 (color: M2, part: layer4) - 30 parameters
2025-06-30 21:32:14,496 - FBDWarehouse - INFO - Retrieved block FBI78 (color: M2, part: out_layer) - 2 parameters
2025-06-30 21:32:14,496 - FBDWarehouse - INFO - Retrieved block AUV29 (color: M5, part: in_layer) - 6 parameters
2025-06-30 21:32:14,496 - FBDWarehouse - INFO - Retrieved block BYM04 (color: M5, part: layer1) - 24 parameters
2025-06-30 21:32:14,496 - FBDWarehouse - INFO - Retrieved block CRZ52 (color: M5, part: layer2) - 30 parameters
2025-06-30 21:32:14,496 - FBDWarehouse - INFO - Retrieved block DPX98 (color: M5, part: layer3) - 30 parameters
2025-06-30 21:32:14,497 - FBDWarehouse - INFO - Retrieved block EVN36 (color: M5, part: layer4) - 30 parameters
2025-06-30 21:32:14,497 - FBDWarehouse - INFO - Retrieved block FSY05 (color: M5, part: out_layer) - 2 parameters
2025-06-30 21:32:14,551 - FBDWarehouse - INFO - Initializing warehouse with empty blocks - will be populated during training
2025-06-30 21:32:14,551 - FBDWarehouse - INFO - Warehouse initialization complete - 36 blocks ready
